2025-02-28 14:57:03,059 INFO o.a.j.u.JMeterUtils: Setting Locale to en_EN
2025-02-28 14:57:03,081 INFO o.a.j.JMeter: Loading user properties from: /opt/homebrew/Cellar/jmeter/5.6.3/libexec/bin/user.properties
2025-02-28 14:57:03,081 INFO o.a.j.JMeter: Loading system properties from: /opt/homebrew/Cellar/jmeter/5.6.3/libexec/bin/system.properties
2025-02-28 14:57:03,084 INFO o.a.j.JMeter: Copyright (c) 1998-2024 The Apache Software Foundation
2025-02-28 14:57:03,084 INFO o.a.j.JMeter: Version 5.6.3
2025-02-28 14:57:03,084 INFO o.a.j.JMeter: java.version=21.0.6
2025-02-28 14:57:03,084 INFO o.a.j.JMeter: java.vm.name=OpenJDK 64-Bit Server VM
2025-02-28 14:57:03,084 INFO o.a.j.JMeter: os.name=Mac OS X
2025-02-28 14:57:03,084 INFO o.a.j.JMeter: os.arch=aarch64
2025-02-28 14:57:03,084 INFO o.a.j.JMeter: os.version=15.3.1
2025-02-28 14:57:03,084 INFO o.a.j.JMeter: file.encoding=UTF-8
2025-02-28 14:57:03,084 INFO o.a.j.JMeter: java.awt.headless=null
2025-02-28 14:57:03,084 INFO o.a.j.JMeter: Max memory     =1073741824
2025-02-28 14:57:03,084 INFO o.a.j.JMeter: Available Processors =8
2025-02-28 14:57:03,091 INFO o.a.j.JMeter: Default Locale=English (EN)
2025-02-28 14:57:03,091 INFO o.a.j.JMeter: JMeter  Locale=English (EN)
2025-02-28 14:57:03,091 INFO o.a.j.JMeter: JMeterHome=/opt/homebrew/Cellar/jmeter/5.6.3/libexec
2025-02-28 14:57:03,091 INFO o.a.j.JMeter: user.dir  =/Users/chaiitanyaa/Desktop/GithubProjects/SwiftTrade
2025-02-28 14:57:03,091 INFO o.a.j.JMeter: PWD       =/Users/chaiitanyaa/Desktop/GithubProjects/SwiftTrade
2025-02-28 14:57:03,092 INFO o.a.j.JMeter: IP: 134.87.191.226 Name: w134-87-191-226.wireless.uvic.ca FullName: w134-87-191-226.wireless.uvic.ca
2025-02-28 14:57:03,099 INFO o.a.j.JMeter: Loaded icon properties from org/apache/jmeter/images/icon.properties
2025-02-28 14:57:03,602 INFO o.a.j.JMeterGuiLauncher: Setting LAF to: com.github.weisj.darklaf.DarkLaf:com.github.weisj.darklaf.theme.DarculaTheme
2025-02-28 14:57:04,717 INFO o.a.j.r.ClassFinder: Will scan jar /opt/homebrew/Cellar/jmeter/5.6.3/libexec/lib/ext/jmeter-plugins-manager-1.9.jar with filter ExtendsClassFilter [parents=[interface org.apache.jmeter.gui.action.Command], inner=false, contains=null, notContains=null]. Consider exposing JMeter plugins via META-INF/services, and add JMeter-Skip-Class-Scanning=true manifest attribute so JMeter can skip classfile scanning
2025-02-28 14:57:04,781 INFO o.a.j.r.ClassFinder: Will scan jar /opt/homebrew/Cellar/jmeter/5.6.3/libexec/lib/ext/jmeter-plugins-manager-1.9.jar with filter ExtendsClassFilter [parents=[interface org.apache.jmeter.gui.plugin.MenuCreator], inner=false, contains=null, notContains=null]. Consider exposing JMeter plugins via META-INF/services, and add JMeter-Skip-Class-Scanning=true manifest attribute so JMeter can skip classfile scanning
2025-02-28 14:57:04,866 INFO o.j.r.JARSourceHTTP: Found cached repo
2025-02-28 14:57:04,958 INFO o.j.r.PluginManager: Plugins Status: [jpgc-plugins-manager=1.9, jmeter-core=5.6.3, jmeter-ftp=5.6.3, jmeter-http=5.6.3, jmeter-jdbc=5.6.3, jmeter-jms=5.6.3, jmeter-junit=5.6.3, jmeter-java=5.6.3, jmeter-ldap=5.6.3, jmeter-mail=5.6.3, jmeter-mongodb=5.6.3, jmeter-native=5.6.3, jmeter-tcp=5.6.3, jmeter-components=5.6.3]
2025-02-28 14:57:04,959 INFO o.j.r.PluginManagerMenuItem: Plugins Manager has upgrades: [jpgc-plugins-manager]
2025-02-28 14:59:25,110 INFO o.a.j.s.FileServer: Default base='/Users/chaiitanyaa/Desktop/GithubProjects/SwiftTrade'
2025-02-28 14:59:28,687 INFO o.a.j.g.a.Load: Loading file: /Users/chaiitanyaa/Desktop/Spring25/SENG468/Projectfiles/TestRun3/InitialSetup.jmx
2025-02-28 14:59:28,687 INFO o.a.j.s.FileServer: Set new base='/Users/chaiitanyaa/Desktop/Spring25/SENG468/Projectfiles/TestRun3'
2025-02-28 14:59:28,824 INFO o.a.j.s.SaveService: Testplan (JMX) version: 2.2. Testlog (JTL) version: 2.2
2025-02-28 14:59:28,828 INFO o.a.j.s.SaveService: Using SaveService properties version 5.0
2025-02-28 14:59:28,829 INFO o.a.j.s.SaveService: Using SaveService properties file encoding UTF-8
2025-02-28 14:59:28,830 INFO o.a.j.s.SaveService: Loading file: /Users/chaiitanyaa/Desktop/Spring25/SENG468/Projectfiles/TestRun3/InitialSetup.jmx
2025-02-28 14:59:28,889 INFO o.a.j.p.h.s.HTTPSamplerBase: Parser for text/html is org.apache.jmeter.protocol.http.parser.LagartoBasedHtmlParser
2025-02-28 14:59:28,889 INFO o.a.j.p.h.s.HTTPSamplerBase: Parser for application/xhtml+xml is org.apache.jmeter.protocol.http.parser.LagartoBasedHtmlParser
2025-02-28 14:59:28,889 INFO o.a.j.p.h.s.HTTPSamplerBase: Parser for application/xml is org.apache.jmeter.protocol.http.parser.LagartoBasedHtmlParser
2025-02-28 14:59:28,889 INFO o.a.j.p.h.s.HTTPSamplerBase: Parser for text/xml is org.apache.jmeter.protocol.http.parser.LagartoBasedHtmlParser
2025-02-28 14:59:28,889 INFO o.a.j.p.h.s.HTTPSamplerBase: Parser for text/vnd.wap.wml is org.apache.jmeter.protocol.http.parser.RegexpHTMLParser
2025-02-28 14:59:28,889 INFO o.a.j.p.h.s.HTTPSamplerBase: Parser for text/css is org.apache.jmeter.protocol.http.parser.CssParser
2025-02-28 14:59:29,262 INFO o.a.j.s.SampleResult: Note: Sample TimeStamps are START times
2025-02-28 14:59:29,262 INFO o.a.j.s.SampleResult: sampleresult.default.encoding is set to UTF-8
2025-02-28 14:59:29,262 INFO o.a.j.s.SampleResult: sampleresult.useNanoTime=true
2025-02-28 14:59:29,262 INFO o.a.j.s.SampleResult: sampleresult.nanoThreadSleep=5000
2025-02-28 14:59:29,326 INFO o.a.j.r.ClassFinder: Will scan jar /opt/homebrew/Cellar/jmeter/5.6.3/libexec/lib/ext/jmeter-plugins-manager-1.9.jar with filter ExtendsClassFilter [parents=[interface org.apache.jmeter.visualizers.ResultRenderer], inner=false, contains=null, notContains=null]. Consider exposing JMeter plugins via META-INF/services, and add JMeter-Skip-Class-Scanning=true manifest attribute so JMeter can skip classfile scanning
2025-02-28 14:59:29,339 INFO o.a.j.r.ClassFinder: Will scan jar /opt/homebrew/Cellar/jmeter/5.6.3/libexec/lib/ext/jmeter-plugins-manager-1.9.jar with filter ExtendsClassFilter [parents=[interface org.apache.jmeter.visualizers.RequestView], inner=false, contains=null, notContains=null]. Consider exposing JMeter plugins via META-INF/services, and add JMeter-Skip-Class-Scanning=true manifest attribute so JMeter can skip classfile scanning
2025-02-28 14:59:29,378 INFO o.a.j.s.FileServer: Set new base='/Users/chaiitanyaa/Desktop/Spring25/SENG468/Projectfiles/TestRun3'
2025-02-28 15:00:00,298 INFO o.a.j.e.StandardJMeterEngine: Running the test!
2025-02-28 15:00:00,299 INFO o.a.j.s.SampleEvent: List of sample_variables: []
2025-02-28 15:00:00,299 INFO o.a.j.s.SampleEvent: List of sample_variables: []
2025-02-28 15:00:00,300 INFO o.a.j.e.u.CompoundVariable: Note: Function class names must contain the string: '.functions.'
2025-02-28 15:00:00,300 INFO o.a.j.e.u.CompoundVariable: Note: Function class names must not contain the string: '.gui.'
2025-02-28 15:00:00,314 INFO o.a.j.r.ClassFinder: Will scan jar /opt/homebrew/Cellar/jmeter/5.6.3/libexec/lib/ext/jmeter-plugins-manager-1.9.jar with filter ExtendsClassFilter [parents=[interface org.apache.jmeter.functions.Function], inner=false, contains=null, notContains=null]. Consider exposing JMeter plugins via META-INF/services, and add JMeter-Skip-Class-Scanning=true manifest attribute so JMeter can skip classfile scanning
2025-02-28 15:00:00,321 INFO o.a.j.g.u.JMeterMenuBar: setRunning(true, *local*)
2025-02-28 15:00:00,362 INFO o.a.j.e.StandardJMeterEngine: Starting ThreadGroup: 1 : Initial Setup
2025-02-28 15:00:00,362 INFO o.a.j.e.StandardJMeterEngine: Starting 1 threads for group Initial Setup.
2025-02-28 15:00:00,362 INFO o.a.j.e.StandardJMeterEngine: Thread will continue on error
2025-02-28 15:00:00,362 INFO o.a.j.t.ThreadGroup: Starting thread group... number=1 threads=1 ramp-up=1 delayedStart=false
2025-02-28 15:00:00,364 INFO o.a.j.t.ThreadGroup: Started thread group number 1
2025-02-28 15:00:00,364 INFO o.a.j.e.StandardJMeterEngine: All thread groups have been started
2025-02-28 15:00:00,365 INFO o.a.j.t.JMeterThread: Thread started: Initial Setup 1-1
2025-02-28 15:00:00,885 INFO o.a.j.p.h.s.HTTPHCAbstractImpl: Local host = w134-87-191-226.wireless.uvic.ca
2025-02-28 15:00:00,892 INFO o.a.j.p.h.s.HTTPHC4Impl: HTTP request retry count = 0
2025-02-28 15:00:08,054 INFO o.a.j.t.JMeterThread: Thread is done: Initial Setup 1-1
2025-02-28 15:00:08,055 INFO o.a.j.t.JMeterThread: Thread finished: Initial Setup 1-1
2025-02-28 15:00:08,057 INFO o.a.j.e.StandardJMeterEngine: Notifying test listeners of end of test
2025-02-28 15:00:08,061 INFO o.a.j.g.u.JMeterMenuBar: setRunning(false, *local*)
